2018-01-13 10:15:27,047 None ps knecht6 None None None DEBUG ps           0.3.45 237 Logging initialized for pid 64890
2018-01-13 10:15:27,047 None ps knecht6 None None None INFO ps           0.3.45 291 The config_file was forced  to /tmp/ps_d.cfg 
2018-01-13 10:15:27,051 None ps knecht6 None None None DEBUG ps           0.3.45 360 <table><tr><td>GLOBAL</td></tr><tr><td>pattern_language</td><td>EN</td></tr></table>
2018-01-13 10:15:27,056 None ps knecht6 None None None INFO ps           0.0.alpha 1 Will leave an Info level log message in the local log file as in the (DEV_STAGE) central Log-Server/herald
2018-01-13 10:15:27,059 None EXEC_Test knecht6 None None None DEBUG ps           0.3.45 237 Logging initialized for pid 64890
2018-01-13 10:15:27,063 None EXEC_Test knecht6 None None None INFO ps           0.3.45 291 The config_file was forced  to /tmp/EXEC_Test_d.cfg 
2018-01-13 10:15:27,066 None EXEC_Test knecht6 None None None DEBUG ps           undef 301 No config file /tmp/EXEC_Test_d.cfg given: version 0.3.45 
2018-01-13 10:15:27,069 None EXEC_Test knecht6 None None None DEBUG ps           0.3.45 346 Error setting PATTERN_LANGUAGE. Use default EN.
2018-01-13 10:15:27,073 None EXEC_Test knecht6 None None None DEBUG ps           0.3.45 637 EXEC_Test execute Command touch /tmp/foo
2018-01-13 10:15:27,093 None EXEC_Test knecht6 None None None DEBUG ps           0.3.45 476 SUCCESS 00:00:00 touch /tmp/foo 
2018-01-13 10:15:27,094 None EXEC_Test knecht6 None None None DEBUG ps           0.3.45 637 EXEC_Test execute Command ls /tmp/foo
2018-01-13 10:15:27,108 None EXEC_Test knecht6 None None None DEBUG ps           0.3.45 476 SUCCESS 00:00:00 ls /tmp/foo 
2018-01-13 10:15:27,111 None fsm knecht6 None None None DEBUG ps           0.3.45 237 Logging initialized for pid 64890
2018-01-13 10:15:27,114 None fsm knecht6 None None None INFO ps           0.3.45 291 The config_file was forced  to /tmp/fsm_d.cfg 
2018-01-13 10:15:27,118 None fsm knecht6 None None None DEBUG ps           undef 301 No config file /tmp/fsm_d.cfg given: version 0.3.45 
2018-01-13 10:15:27,121 None fsm knecht6 None None None DEBUG ps           0.3.45 346 Error setting PATTERN_LANGUAGE. Use default EN.
2018-01-13 10:15:27,124 None fsm knecht6 None None None DEBUG ps           0.3.45 122 FSM: MY_FSM started in State <'START' State @ 0x2b579e9852a0>
2018-01-13 10:15:27,128 None fsm knecht6 None None None DEBUG ps           0.3.45 126 START-compute_function returned  None
2018-01-13 10:15:27,131 None fsm knecht6 None None None DEBUG ps           0.3.45 132 MY_FSM.run new step: START's compute function left context as <table></table>
2018-01-13 10:15:27,136 None fsm knecht6 None None None DEBUG ps           0.3.45 141 TRANSITION: from State START<br> ONInput:   'None'<br>To State: ERROR
2018-01-13 10:15:27,139 None fsm knecht6 None None None DEBUG ps           0.3.45 126 ERROR-compute_function returned  None
2018-01-13 10:15:27,142 None fsm knecht6 None None None DEBUG ps           0.3.45 132 MY_FSM.run new step: ERROR's compute function left context as <table></table>
2018-01-13 10:15:27,145 None fsm knecht6 None None None DEBUG ps           0.3.45 135 Leave run, as ERROR is a final state 
